Arguments: 
  /usr/local/bin/node /usr/local/bin/yarn build

PATH: 
  /Users/daliborrajic/.rbenv/shims:./node_modules/.bin:/usr/local/bin:/opt/local/bin:/usr/local/sbin:/opt/local/sbin:/Users/daliborrajic/bin:/usr/local/mariadb/server/bin:/usr/local/bin:/usr/bin:/bin:/usr/sbin:/sbin

Yarn version: 
  1.5.1

Node version: 
  8.10.0

Platform: 
  darwin x64

npm manifest: 
  No manifest

yarn manifest: 
  No manifest

Lockfile: 
  No lockfile

Trace: 
  Error: Couldn't find a package.json file in "/Users/daliborrajic/Projects/3ap/3apadmin"
      at new MessageError (/usr/local/lib/node_modules/yarn/lib/cli.js:186:110)
      at /usr/local/lib/node_modules/yarn/lib/cli.js:40048:15
      at Generator.next (<anonymous>)
      at step (/usr/local/lib/node_modules/yarn/lib/cli.js:98:30)
      at /usr/local/lib/node_modules/yarn/lib/cli.js:109:13
      at <anonymous>
